{"level":"\u001b[32minfo\u001b[39m","message":"{\"method\":\"POST\",\"url\":\"/api/v1/users/forgotpassword\",\"status\":\"200\",\"responseTime\":\"3657.677\"}","timestamp":"2024-09-17T03:12:42.803Z"}
{"level":"\u001b[33mwarn\u001b[39m","message":"Email couldn't be sent - confirmation email of password reset","timestamp":"2024-09-17T03:13:40.618Z"}
{"level":"\u001b[32minfo\u001b[39m","message":"{\"method\":\"POST\",\"url\":\"/api/v1/users/resetpassword\",\"status\":\"200\",\"responseTime\":\"314.367\"}","timestamp":"2024-09-17T03:13:40.621Z"}
{"level":"\u001b[32minfo\u001b[39m","message":"{\"method\":\"POST\",\"url\":\"/api/v1/users/forgotpassword\",\"status\":\"404\",\"responseTime\":\"57.076\"}","timestamp":"2024-09-17T03:16:36.952Z"}
{"level":"\u001b[32minfo\u001b[39m","message":"{\"method\":\"POST\",\"url\":\"/api/v1/users/forgotpassword\",\"status\":\"404\",\"responseTime\":\"41.950\"}","timestamp":"2024-09-17T03:16:41.916Z"}
{"level":"\u001b[32minfo\u001b[39m","message":"{\"method\":\"POST\",\"url\":\"/api/v1/users/forgotpassword\",\"status\":\"200\",\"responseTime\":\"3655.787\"}","timestamp":"2024-09-17T03:16:51.201Z"}
{"level":"\u001b[32minfo\u001b[39m","message":"{\"method\":\"POST\",\"url\":\"/api/v1/users/resetpassword\",\"status\":\"200\",\"responseTime\":\"4013.856\"}","timestamp":"2024-09-17T03:17:52.484Z"}
{"level":"\u001b[32minfo\u001b[39m","message":"{\"method\":\"POST\",\"url\":\"/api/v1/users/forgotpassword\",\"status\":\"200\",\"responseTime\":\"4847.053\"}","timestamp":"2024-09-18T04:47:20.580Z"}
{"level":"\u001b[32minfo\u001b[39m","message":"{\"method\":\"POST\",\"url\":\"/api/v1/users/resetpassword\",\"status\":\"200\",\"responseTime\":\"3634.176\"}","timestamp":"2024-09-18T04:47:56.631Z"}
{"level":"\u001b[32minfo\u001b[39m","message":"{\"method\":\"POST\",\"url\":\"/api/v1/users/forgotpassword\",\"status\":\"200\",\"responseTime\":\"3370.609\"}","timestamp":"2024-09-18T04:50:23.954Z"}
{"level":"\u001b[32minfo\u001b[39m","message":"{\"method\":\"POST\",\"url\":\"/api/v1/users/resetpassword\",\"status\":\"400\",\"responseTime\":\"337.330\"}","timestamp":"2024-09-18T04:50:43.848Z"}
{"level":"\u001b[32minfo\u001b[39m","message":"{\"method\":\"POST\",\"url\":\"/api/v1/users/resetpassword\",\"status\":\"500\",\"responseTime\":\"3705.554\"}","timestamp":"2024-09-18T04:51:01.734Z"}
{"level":"\u001b[32minfo\u001b[39m","message":"{\"method\":\"POST\",\"url\":\"/api/v1/users/resetpassword\",\"status\":\"401\",\"responseTime\":\"152.436\"}","timestamp":"2024-09-18T04:51:59.661Z"}
{"level":"\u001b[32minfo\u001b[39m","message":"{\"method\":\"POST\",\"url\":\"/api/v1/users/forgotpassword\",\"status\":\"200\",\"responseTime\":\"4195.952\"}","timestamp":"2024-09-18T04:53:01.197Z"}
{"level":"\u001b[32minfo\u001b[39m","message":"{\"method\":\"POST\",\"url\":\"/api/v1/users/resetpassword\",\"status\":\"500\",\"responseTime\":\"4778.185\"}","timestamp":"2024-09-18T04:53:20.560Z"}
{"level":"\u001b[32minfo\u001b[39m","message":"{\"method\":\"POST\",\"url\":\"/api/v1/users/resetpassword\",\"status\":\"401\",\"responseTime\":\"137.984\"}","timestamp":"2024-09-18T04:53:45.838Z"}
{"level":"\u001b[32minfo\u001b[39m","message":"{\"method\":\"POST\",\"url\":\"/api/v1/users/forgotpassword\",\"status\":\"200\",\"responseTime\":\"3244.563\"}","timestamp":"2024-09-18T04:54:51.226Z"}
{"level":"\u001b[32minfo\u001b[39m","message":"{\"method\":\"POST\",\"url\":\"/api/v1/users/resetpassword\",\"status\":\"200\",\"responseTime\":\"671.110\"}","timestamp":"2024-09-18T04:55:08.217Z"}
{"level":"\u001b[32minfo\u001b[39m","message":"{\"method\":\"POST\",\"url\":\"/api/v1/users/login\",\"status\":\"200\",\"responseTime\":\"475.128\"}","timestamp":"2024-09-18T04:56:46.694Z"}
{"level":"\u001b[32minfo\u001b[39m","message":"{\"method\":\"POST\",\"url\":\"/api/v1/users/login\",\"status\":\"200\",\"responseTime\":\"4401.762\"}","timestamp":"2024-09-18T05:01:58.145Z"}
{"level":"\u001b[32minfo\u001b[39m","message":"{\"method\":\"POST\",\"url\":\"/api/v1/users/verifyemail\",\"status\":\"200\",\"responseTime\":\"3722.866\"}","timestamp":"2024-09-18T05:02:33.770Z"}
{"level":"\u001b[32minfo\u001b[39m","message":"{\"method\":\"POST\",\"url\":\"/api/v1/users/login\",\"status\":\"200\",\"responseTime\":\"3326.279\"}","timestamp":"2024-09-18T05:07:20.443Z"}
{"level":"\u001b[32minfo\u001b[39m","message":"{\"method\":\"POST\",\"url\":\"/api/v1/users/verifyemail\",\"status\":\"200\",\"responseTime\":\"764.984\"}","timestamp":"2024-09-18T05:07:33.340Z"}
{"data":null,"errors":"","level":"\u001b[31merror\u001b[39m","statusCode":401,"success":false,"timestamp":"2024-09-18T05:12:00.090Z"}
{"level":"\u001b[32minfo\u001b[39m","message":"{\"method\":\"POST\",\"url\":\"/api/v1/users/verifyemail\",\"status\":\"401\",\"responseTime\":\"5.438\"}","timestamp":"2024-09-18T05:12:00.094Z"}
{"data":null,"errors":"","level":"\u001b[31merror\u001b[39m","statusCode":401,"success":false,"timestamp":"2024-09-18T05:13:08.149Z"}
{"level":"\u001b[32minfo\u001b[39m","message":"{\"method\":\"POST\",\"url\":\"/api/v1/users/verifyemail\",\"status\":\"401\",\"responseTime\":\"1.035\"}","timestamp":"2024-09-18T05:13:08.150Z"}
{"level":"\u001b[32minfo\u001b[39m","message":"{\"method\":\"POST\",\"url\":\"/api/v1/users/verifyemail\",\"status\":\"401\",\"responseTime\":\"3.313\"}","timestamp":"2024-09-18T05:14:09.727Z"}
{"level":"\u001b[32minfo\u001b[39m","message":"{\"method\":\"POST\",\"url\":\"/api/v1/users/register\",\"status\":\"200\",\"responseTime\":\"696.535\"}","timestamp":"2024-09-18T05:23:06.898Z"}
{"level":"\u001b[32minfo\u001b[39m","message":"{\"method\":\"POST\",\"url\":\"/api/v1/users/verifyemail\",\"status\":\"200\",\"responseTime\":\"757.961\"}","timestamp":"2024-09-18T05:23:47.980Z"}
{"level":"\u001b[32minfo\u001b[39m","message":"{\"method\":\"POST\",\"url\":\"/api/v1/users/login\",\"status\":\"200\",\"responseTime\":\"3163.162\"}","timestamp":"2024-09-18T05:25:41.586Z"}
{"level":"\u001b[32minfo\u001b[39m","message":"{\"method\":\"POST\",\"url\":\"/api/v1/users/verifyemail\",\"status\":\"401\",\"responseTime\":\"188.127\"}","timestamp":"2024-09-18T05:26:15.674Z"}
{"level":"\u001b[32minfo\u001b[39m","message":"{\"method\":\"POST\",\"url\":\"/api/v1/users/verifyemail\",\"status\":\"200\",\"responseTime\":\"770.210\"}","timestamp":"2024-09-18T05:26:22.976Z"}
{"level":"\u001b[32minfo\u001b[39m","message":"{\"method\":\"POST\",\"url\":\"/api/v1/users/verifyemail\",\"status\":\"401\",\"responseTime\":\"0.433\"}","timestamp":"2024-09-18T05:26:40.837Z"}
{"level":"\u001b[32minfo\u001b[39m","message":"{\"method\":\"POST\",\"url\":\"/api/v1/users/forgotpassword\",\"status\":\"500\",\"responseTime\":\"3183.149\"}","timestamp":"2024-09-18T05:27:02.339Z"}
{"level":"\u001b[32minfo\u001b[39m","message":"{\"method\":\"POST\",\"url\":\"/api/v1/users/forgotpassword\",\"status\":\"200\",\"responseTime\":\"336.112\"}","timestamp":"2024-09-18T05:27:55.678Z"}
{"level":"\u001b[32minfo\u001b[39m","message":"{\"method\":\"POST\",\"url\":\"/api/v1/users/resetpassword\",\"status\":\"400\",\"responseTime\":\"334.293\"}","timestamp":"2024-09-18T05:28:19.710Z"}
{"level":"\u001b[32minfo\u001b[39m","message":"{\"method\":\"POST\",\"url\":\"/api/v1/users/resetpassword\",\"status\":\"200\",\"responseTime\":\"661.362\"}","timestamp":"2024-09-18T05:28:51.312Z"}
{"level":"\u001b[32minfo\u001b[39m","message":"{\"method\":\"POST\",\"url\":\"/api/v1/users/forgotpassword\",\"status\":\"200\",\"responseTime\":\"288.844\"}","timestamp":"2024-09-18T05:29:29.255Z"}
{"level":"\u001b[32minfo\u001b[39m","message":"{\"method\":\"POST\",\"url\":\"/api/v1/users/resetpassword\",\"status\":\"200\",\"responseTime\":\"649.040\"}","timestamp":"2024-09-18T05:29:53.350Z"}
{"level":"\u001b[32minfo\u001b[39m","message":"{\"method\":\"POST\",\"url\":\"/api/v1/users/login\",\"status\":\"200\",\"responseTime\":\"468.259\"}","timestamp":"2024-09-18T05:30:16.630Z"}
{"level":"\u001b[32minfo\u001b[39m","message":"{\"method\":\"POST\",\"url\":\"/api/v1/users/login\",\"status\":\"200\",\"responseTime\":\"476.543\"}","timestamp":"2024-09-18T05:49:18.930Z"}
{"level":"\u001b[32minfo\u001b[39m","message":"{\"method\":\"GET\",\"url\":\"/api/v1/users/isuserloggedin\",\"status\":\"401\",\"responseTime\":\"0.397\"}","timestamp":"2024-09-18T07:43:37.021Z"}{"level":"\u001b[32minfo\u001b[39m","message":"{\"method\":\"POST\",\"url\":\"/api/v1/users/login\",\"status\":\"200\",\"responseTime\":\"465.078\"}","timestamp":"2024-09-18T07:44:17.364Z"}
{"level":"\u001b[32minfo\u001b[39m","message":"{\"method\":\"GET\",\"url\":\"/api/v1/users/isuserloggedin\",\"status\":\"401\",\"responseTime\":\"0.497\"}","timestamp":"2024-09-18T07:44:55.434Z"}
{"level":"\u001b[32minfo\u001b[39m","message":"{\"method\":\"GET\",\"url\":\"/api/v1/users/isuserloggedin\",\"status\":\"401\",\"responseTime\":\"0.369\"}","timestamp":"2024-09-18T07:44:55.438Z"}
{"level":"\u001b[32minfo\u001b[39m","message":"{\"method\":\"POST\",\"url\":\"/api/v1/users/login\",\"status\":\"200\",\"responseTime\":\"465.820\"}","timestamp":"2024-09-18T07:45:14.283Z"}
{"level":"\u001b[32minfo\u001b[39m","message":"{\"method\":\"GET\",\"url\":\"/api/v1/users/isuserloggedin\",\"status\":\"200\",\"responseTime\":\"133.547\"}","timestamp":"2024-09-18T07:45:20.515Z"}
{"level":"\u001b[32minfo\u001b[39m","message":"{\"method\":\"GET\",\"url\":\"/api/v1/users/isuserloggedin\",\"status\":\"401\",\"responseTime\":\"0.546\"}","timestamp":"2024-09-18T07:49:55.715Z"}
{"level":"\u001b[32minfo\u001b[39m","message":"{\"method\":\"GET\",\"url\":\"/api/v1/users/isuserloggedin\",\"status\":\"401\",\"responseTime\":\"0.446\"}","timestamp":"2024-09-18T07:49:55.720Z"}
{"level":"\u001b[32minfo\u001b[39m","message":"{\"method\":\"GET\",\"url\":\"/api/v1/users/isuserloggedin\",\"status\":\"401\",\"responseTime\":\"0.436\"}","timestamp":"2024-09-18T07:50:19.772Z"}
{"level":"\u001b[32minfo\u001b[39m","message":"{\"method\":\"GET\",\"url\":\"/api/v1/users/isuserloggedin\",\"status\":\"401\",\"responseTime\":\"0.526\"}","timestamp":"2024-09-18T07:50:19.775Z"}
{"level":"\u001b[32minfo\u001b[39m","message":"{\"method\":\"GET\",\"url\":\"/api/v1/users/isuserloggedin\",\"status\":\"401\",\"responseTime\":\"2.912\"}","timestamp":"2024-09-19T06:35:43.516Z"}
{"level":"\u001b[32minfo\u001b[39m","message":"{\"method\":\"GET\",\"url\":\"/api/v1/users/isuserloggedin\",\"status\":\"401\",\"responseTime\":\"0.526\"}","timestamp":"2024-09-19T06:35:43.521Z"}
{"level":"\u001b[32minfo\u001b[39m","message":"{\"method\":\"GET\",\"url\":\"/api/v1/users/isuserloggedin\",\"status\":\"401\",\"responseTime\":\"0.457\"}","timestamp":"2024-09-19T06:35:48.532Z"}
{"level":"\u001b[32minfo\u001b[39m","message":"{\"method\":\"GET\",\"url\":\"/api/v1/users/isuserloggedin\",\"status\":\"401\",\"responseTime\":\"0.739\"}","timestamp":"2024-09-19T06:35:48.535Z"}
{"level":"\u001b[32minfo\u001b[39m","message":"{\"method\":\"POST\",\"url\":\"/api/v1/users/login\",\"status\":\"200\",\"responseTime\":\"500.433\"}","timestamp":"2024-09-19T06:36:08.954Z"}
{"level":"\u001b[32minfo\u001b[39m","message":"{\"method\":\"GET\",\"url\":\"/api/v1/auth/isuserloggedin\",\"status\":\"401\",\"responseTime\":\"2.840\"}","timestamp":"2024-09-19T09:42:06.816Z"}
{"level":"\u001b[32minfo\u001b[39m","message":"{\"method\":\"GET\",\"url\":\"/api/v1/auth/isuserloggedin\",\"status\":\"401\",\"responseTime\":\"0.648\"}","timestamp":"2024-09-19T09:42:06.822Z"}
{"level":"\u001b[32minfo\u001b[39m","message":"{\"method\":\"POST\",\"url\":\"/api/v1/auth/login\",\"status\":\"200\",\"responseTime\":\"507.000\"}","timestamp":"2024-09-19T09:42:22.483Z"}
{"level":"\u001b[32minfo\u001b[39m","message":"{\"method\":\"GET\",\"url\":\"/api/v1/auth/isuserloggedin\",\"status\":\"401\",\"responseTime\":\"0.410\"}","timestamp":"2024-09-19T09:42:33.152Z"}
{"level":"\u001b[32minfo\u001b[39m","message":"{\"method\":\"GET\",\"url\":\"/api/v1/auth/isuserloggedin\",\"status\":\"401\",\"responseTime\":\"0.319\"}","timestamp":"2024-09-19T09:42:33.154Z"}
{"level":"\u001b[32minfo\u001b[39m","message":"{\"method\":\"GET\",\"url\":\"/api/v1/users/isuserloggedin\",\"status\":\"401\",\"responseTime\":\"5.338\"}","timestamp":"2024-09-23T04:36:12.710Z"}
{"level":"\u001b[32minfo\u001b[39m","message":"{\"method\":\"GET\",\"url\":\"/api/v1/users/isuserloggedin\",\"status\":\"401\",\"responseTime\":\"1.304\"}","timestamp":"2024-09-23T04:36:12.716Z"}
{"level":"\u001b[32minfo\u001b[39m","message":"{\"method\":\"POST\",\"url\":\"/api/v1/users/refreshtokens\",\"status\":\"200\",\"responseTime\":\"158.708\"}","timestamp":"2024-09-23T04:36:12.995Z"}
{"level":"\u001b[32minfo\u001b[39m","message":"{\"method\":\"POST\",\"url\":\"/api/v1/users/refreshtokens\",\"status\":\"200\",\"responseTime\":\"180.011\"}","timestamp":"2024-09-23T04:36:13.026Z"}
{"level":"\u001b[32minfo\u001b[39m","message":"{\"method\":\"GET\",\"url\":\"/api/v1/users/isuserloggedin\",\"status\":\"200\",\"responseTime\":\"309.608\"}","timestamp":"2024-09-23T04:36:13.313Z"}
{"level":"\u001b[32minfo\u001b[39m","message":"{\"method\":\"GET\",\"url\":\"/api/v1/users/isuserloggedin\",\"status\":\"200\",\"responseTime\":\"42.550\"}","timestamp":"2024-09-23T04:36:13.358Z"}
{"level":"\u001b[32minfo\u001b[39m","message":"{\"method\":\"GET\",\"url\":\"/api/v1/users/isuserloggedin\",\"status\":\"-\",\"responseTime\":\"-\"}","timestamp":"2024-09-23T05:19:17.199Z"}
{"level":"\u001b[32minfo\u001b[39m","message":"{\"method\":\"GET\",\"url\":\"/api/v1/users/isuserloggedin\",\"status\":\"200\",\"responseTime\":\"50.327\"}","timestamp":"2024-09-23T05:19:17.554Z"}
{"level":"\u001b[32minfo\u001b[39m","message":"{\"method\":\"GET\",\"url\":\"/api/v1/users/isuserloggedin\",\"status\":\"304\",\"responseTime\":\"51.422\"}","timestamp":"2024-09-23T05:19:17.613Z"}
{"level":"\u001b[32minfo\u001b[39m","message":"{\"method\":\"PATCH\",\"url\":\"/api/v1/users/updateprofilepic\",\"status\":\"401\",\"responseTime\":\"4.164\"}","timestamp":"2024-09-23T05:28:16.951Z"}
{"level":"\u001b[32minfo\u001b[39m","message":"{\"method\":\"GET\",\"url\":\"/api/v1/users/isuserloggedin\",\"status\":\"401\",\"responseTime\":\"1.872\"}","timestamp":"2024-09-25T08:13:48.472Z"}
{"level":"\u001b[32minfo\u001b[39m","message":"{\"method\":\"GET\",\"url\":\"/api/v1/users/isuserloggedin\",\"status\":\"401\",\"responseTime\":\"1.932\"}","timestamp":"2024-09-25T08:13:48.477Z"}
{"level":"\u001b[32minfo\u001b[39m","message":"{\"method\":\"POST\",\"url\":\"/api/v1/users/refreshtokens\",\"status\":\"200\",\"responseTime\":\"99.846\"}","timestamp":"2024-09-25T08:13:48.598Z"}
{"level":"\u001b[32minfo\u001b[39m","message":"{\"method\":\"POST\",\"url\":\"/api/v1/users/refreshtokens\",\"status\":\"200\",\"responseTime\":\"118.651\"}","timestamp":"2024-09-25T08:13:48.622Z"}
{"level":"\u001b[32minfo\u001b[39m","message":"{\"method\":\"GET\",\"url\":\"/api/v1/users/isuserloggedin\",\"status\":\"200\",\"responseTime\":\"46.433\"}","timestamp":"2024-09-25T08:13:48.677Z"}
{"level":"\u001b[32minfo\u001b[39m","message":"{\"method\":\"GET\",\"url\":\"/api/v1/users/isuserloggedin\",\"status\":\"304\",\"responseTime\":\"43.729\"}","timestamp":"2024-09-25T08:13:48.722Z"}
{"level":"\u001b[32minfo\u001b[39m","message":"{\"method\":\"GET\",\"url\":\"/api/v1/users/isuserloggedin\",\"status\":\"304\",\"responseTime\":\"49.386\"}","timestamp":"2024-09-25T08:26:45.135Z"}
{"level":"\u001b[32minfo\u001b[39m","message":"{\"method\":\"GET\",\"url\":\"/api/v1/users/isuserloggedin\",\"status\":\"304\",\"responseTime\":\"44.526\"}","timestamp":"2024-09-25T08:26:45.181Z"}
{"level":"\u001b[32minfo\u001b[39m","message":"{\"method\":\"GET\",\"url\":\"/api/v1/users/isuserloggedin\",\"status\":\"401\",\"responseTime\":\"1.552\"}","timestamp":"2024-09-25T08:30:25.888Z"}
{"level":"\u001b[32minfo\u001b[39m","message":"{\"method\":\"GET\",\"url\":\"/api/v1/users/isuserloggedin\",\"status\":\"401\",\"responseTime\":\"2.217\"}","timestamp":"2024-09-25T08:30:25.893Z"}
{"level":"\u001b[32minfo\u001b[39m","message":"{\"method\":\"POST\",\"url\":\"/api/v1/users/refreshtokens\",\"status\":\"200\",\"responseTime\":\"89.122\"}","timestamp":"2024-09-25T08:30:25.993Z"}
{"level":"\u001b[32minfo\u001b[39m","message":"{\"method\":\"POST\",\"url\":\"/api/v1/users/refreshtokens\",\"status\":\"200\",\"responseTime\":\"89.347\"}","timestamp":"2024-09-25T08:30:25.998Z"}
{"level":"\u001b[32minfo\u001b[39m","message":"{\"method\":\"GET\",\"url\":\"/api/v1/users/isuserloggedin\",\"status\":\"304\",\"responseTime\":\"42.879\"}","timestamp":"2024-09-25T08:30:26.043Z"}
{"level":"\u001b[32minfo\u001b[39m","message":"{\"method\":\"GET\",\"url\":\"/api/v1/users/isuserloggedin\",\"status\":\"200\",\"responseTime\":\"43.401\"}","timestamp":"2024-09-25T08:30:26.089Z"}
{"level":"\u001b[32minfo\u001b[39m","message":"{\"method\":\"GET\",\"url\":\"/api/v1/users/isuserloggedin\",\"status\":\"401\",\"responseTime\":\"6.135\"}","timestamp":"2024-09-30T04:50:35.620Z"}
{"level":"\u001b[32minfo\u001b[39m","message":"{\"method\":\"GET\",\"url\":\"/api/v1/users/isuserloggedin\",\"status\":\"401\",\"responseTime\":\"1.454\"}","timestamp":"2024-09-30T04:50:35.625Z"}
{"level":"\u001b[32minfo\u001b[39m","message":"{\"method\":\"POST\",\"url\":\"/api/v1/users/refreshtokens\",\"status\":\"200\",\"responseTime\":\"94.851\"}","timestamp":"2024-09-30T04:50:35.870Z"}
{"level":"\u001b[32minfo\u001b[39m","message":"{\"method\":\"POST\",\"url\":\"/api/v1/users/refreshtokens\",\"status\":\"200\",\"responseTime\":\"110.590\"}","timestamp":"2024-09-30T04:50:35.877Z"}
{"level":"\u001b[32minfo\u001b[39m","message":"{\"method\":\"GET\",\"url\":\"/api/v1/users/isuserloggedin\",\"status\":\"200\",\"responseTime\":\"44.437\"}","timestamp":"2024-09-30T04:50:35.924Z"}
{"level":"\u001b[32minfo\u001b[39m","message":"{\"method\":\"GET\",\"url\":\"/api/v1/users/isuserloggedin\",\"status\":\"304\",\"responseTime\":\"45.726\"}","timestamp":"2024-09-30T04:50:35.972Z"}
{"level":"\u001b[32minfo\u001b[39m","message":"{\"method\":\"GET\",\"url\":\"/api/v1/users/isuserloggedin\",\"status\":\"304\",\"responseTime\":\"48.286\"}","timestamp":"2024-09-30T04:54:53.129Z"}
{"level":"\u001b[32minfo\u001b[39m","message":"{\"method\":\"GET\",\"url\":\"/api/v1/users/isuserloggedin\",\"status\":\"304\",\"responseTime\":\"48.074\"}","timestamp":"2024-09-30T04:54:53.181Z"}
{"level":"\u001b[32minfo\u001b[39m","message":"{\"method\":\"GET\",\"url\":\"/api/v1/users/isuserloggedin\",\"status\":\"304\",\"responseTime\":\"188.880\"}","timestamp":"2024-09-30T05:47:41.640Z"}
{"level":"\u001b[32minfo\u001b[39m","message":"{\"method\":\"GET\",\"url\":\"/api/v1/users/isuserloggedin\",\"status\":\"304\",\"responseTime\":\"216.665\"}","timestamp":"2024-09-30T05:47:41.682Z"}
{"level":"\u001b[32minfo\u001b[39m","message":"{\"method\":\"GET\",\"url\":\"/api/v1/users/isuserloggedin\",\"status\":\"304\",\"responseTime\":\"76.093\"}","timestamp":"2024-09-30T05:47:41.740Z"}
{"level":"\u001b[32minfo\u001b[39m","message":"{\"method\":\"GET\",\"url\":\"/api/v1/posts/getallposts\",\"status\":\"304\",\"responseTime\":\"263.731\"}","timestamp":"2024-09-30T05:47:41.954Z"}
{"level":"\u001b[32minfo\u001b[39m","message":"{\"method\":\"GET\",\"url\":\"/api/v1/posts/getallposts\",\"status\":\"304\",\"responseTime\":\"192.597\"}","timestamp":"2024-09-30T05:47:42.152Z"}
{"level":"\u001b[32minfo\u001b[39m","message":"{\"method\":\"GET\",\"url\":\"/api/v1/users/isuserloggedin\",\"status\":\"304\",\"responseTime\":\"510.660\"}","timestamp":"2024-09-30T05:47:42.209Z"}
{"level":"\u001b[32minfo\u001b[39m","message":"{\"method\":\"GET\",\"url\":\"/api/v1/posts/getallposts\",\"status\":\"304\",\"responseTime\":\"520.693\"}","timestamp":"2024-09-30T05:47:42.277Z"}
{"level":"\u001b[32minfo\u001b[39m","message":"{\"method\":\"GET\",\"url\":\"/api/v1/posts/getallposts\",\"status\":\"304\",\"responseTime\":\"177.747\"}","timestamp":"2024-09-30T05:47:42.459Z"}
{"level":"\u001b[32minfo\u001b[39m","message":"{\"method\":\"GET\",\"url\":\"/api/v1/posts/getallposts\",\"status\":\"304\",\"responseTime\":\"181.328\"}","timestamp":"2024-09-30T05:48:15.355Z"}
{"level":"\u001b[32minfo\u001b[39m","message":"{\"method\":\"GET\",\"url\":\"/api/v1/posts/getallposts\",\"status\":\"304\",\"responseTime\":\"225.537\"}","timestamp":"2024-09-30T05:48:15.403Z"}
{"level":"\u001b[32minfo\u001b[39m","message":"{\"method\":\"GET\",\"url\":\"/api/v1/posts/getallposts\",\"status\":\"304\",\"responseTime\":\"170.971\"}","timestamp":"2024-09-30T05:48:15.530Z"}
{"level":"\u001b[32minfo\u001b[39m","message":"{\"method\":\"GET\",\"url\":\"/api/v1/posts/getallposts\",\"status\":\"304\",\"responseTime\":\"201.916\"}","timestamp":"2024-09-30T05:48:15.607Z"}
{"level":"\u001b[32minfo\u001b[39m","message":"{\"method\":\"GET\",\"url\":\"/api/v1/posts/getallposts\",\"status\":\"304\",\"responseTime\":\"157.061\"}","timestamp":"2024-09-30T05:48:17.321Z"}
{"level":"\u001b[32minfo\u001b[39m","message":"{\"method\":\"GET\",\"url\":\"/api/v1/posts/getallposts\",\"status\":\"304\",\"responseTime\":\"206.129\"}","timestamp":"2024-09-30T05:48:17.367Z"}
{"level":"\u001b[32minfo\u001b[39m","message":"{\"method\":\"GET\",\"url\":\"/api/v1/posts/getallposts\",\"status\":\"304\",\"responseTime\":\"183.786\"}","timestamp":"2024-09-30T05:48:35.351Z"}
{"level":"\u001b[32minfo\u001b[39m","message":"{\"method\":\"GET\",\"url\":\"/api/v1/posts/getallposts\",\"status\":\"304\",\"responseTime\":\"235.535\"}","timestamp":"2024-09-30T05:48:35.400Z"}
{"level":"\u001b[32minfo\u001b[39m","message":"{\"method\":\"GET\",\"url\":\"/api/v1/posts/getallposts\",\"status\":\"304\",\"responseTime\":\"156.457\"}","timestamp":"2024-09-30T05:48:37.329Z"}
{"level":"\u001b[32minfo\u001b[39m","message":"{\"method\":\"GET\",\"url\":\"/api/v1/posts/getallposts\",\"status\":\"304\",\"responseTime\":\"198.096\"}","timestamp":"2024-09-30T05:48:37.368Z"}
{"level":"\u001b[32minfo\u001b[39m","message":"{\"method\":\"GET\",\"url\":\"/api/v1/posts/getallposts\",\"status\":\"304\",\"responseTime\":\"171.721\"}","timestamp":"2024-09-30T05:48:40.355Z"}
{"level":"\u001b[32minfo\u001b[39m","message":"{\"method\":\"GET\",\"url\":\"/api/v1/posts/getallposts\",\"status\":\"304\",\"responseTime\":\"211.074\"}","timestamp":"2024-09-30T05:48:40.383Z"}
{"level":"\u001b[32minfo\u001b[39m","message":"{\"method\":\"GET\",\"url\":\"/api/v1/posts/getallposts\",\"status\":\"401\",\"responseTime\":\"2.163\"}","timestamp":"2024-09-30T06:06:57.189Z"}
{"level":"\u001b[32minfo\u001b[39m","message":"{\"method\":\"GET\",\"url\":\"/api/v1/posts/getallposts\",\"status\":\"401\",\"responseTime\":\"2.215\"}","timestamp":"2024-09-30T06:06:57.194Z"}
{"level":"\u001b[32minfo\u001b[39m","message":"{\"method\":\"POST\",\"url\":\"/api/v1/users/refreshtokens\",\"status\":\"-\",\"responseTime\":\"-\"}","timestamp":"2024-09-30T06:07:07.235Z"}
{"level":"\u001b[32minfo\u001b[39m","message":"{\"method\":\"POST\",\"url\":\"/api/v1/users/refreshtokens\",\"status\":\"-\",\"responseTime\":\"-\"}","timestamp":"2024-09-30T06:07:07.238Z"}
{"level":"\u001b[32minfo\u001b[39m","message":"{\"method\":\"GET\",\"url\":\"/api/v1/posts/getallposts\",\"status\":\"401\",\"responseTime\":\"1.572\"}","timestamp":"2024-09-30T06:07:16.167Z"}
{"level":"\u001b[32minfo\u001b[39m","message":"{\"method\":\"GET\",\"url\":\"/api/v1/posts/getallposts\",\"status\":\"401\",\"responseTime\":\"1.983\"}","timestamp":"2024-09-30T06:07:16.171Z"}
{"level":"\u001b[32minfo\u001b[39m","message":"{\"method\":\"POST\",\"url\":\"/api/v1/users/refreshtokens\",\"status\":\"-\",\"responseTime\":\"-\"}","timestamp":"2024-09-30T06:07:26.189Z"}
{"level":"\u001b[32minfo\u001b[39m","message":"{\"method\":\"POST\",\"url\":\"/api/v1/users/refreshtokens\",\"status\":\"-\",\"responseTime\":\"-\"}","timestamp":"2024-09-30T06:07:26.191Z"}
{"level":"\u001b[32minfo\u001b[39m","message":"{\"method\":\"GET\",\"url\":\"/api/v1/users/isuserloggedin\",\"status\":\"401\",\"responseTime\":\"18.835\"}","timestamp":"2024-09-30T06:22:03.797Z"}
{"level":"\u001b[32minfo\u001b[39m","message":"{\"method\":\"GET\",\"url\":\"/api/v1/users/isuserloggedin\",\"status\":\"401\",\"responseTime\":\"6.413\"}","timestamp":"2024-09-30T06:22:03.825Z"}
{"level":"\u001b[32minfo\u001b[39m","message":"{\"method\":\"POST\",\"url\":\"/api/v1/users/refreshtokens\",\"status\":\"200\",\"responseTime\":\"340.475\"}","timestamp":"2024-09-30T06:22:04.218Z"}
{"level":"\u001b[32minfo\u001b[39m","message":"{\"method\":\"GET\",\"url\":\"/api/v1/users/isuserloggedin\",\"status\":\"200\",\"responseTime\":\"228.648\"}","timestamp":"2024-09-30T06:22:04.454Z"}
{"level":"\u001b[32minfo\u001b[39m","message":"{\"method\":\"GET\",\"url\":\"/api/v1/posts/getallposts\",\"status\":\"200\",\"responseTime\":\"812.799\"}","timestamp":"2024-09-30T06:22:05.295Z"}
{"level":"\u001b[32minfo\u001b[39m","message":"{\"method\":\"POST\",\"url\":\"/api/v1/users/refreshtokens\",\"status\":\"200\",\"responseTime\":\"1576.040\"}","timestamp":"2024-09-30T06:22:05.488Z"}
{"level":"\u001b[32minfo\u001b[39m","message":"{\"method\":\"GET\",\"url\":\"/api/v1/users/isuserloggedin\",\"status\":\"200\",\"responseTime\":\"289.612\"}","timestamp":"2024-09-30T06:22:05.799Z"}
{"level":"\u001b[32minfo\u001b[39m","message":"{\"method\":\"GET\",\"url\":\"/api/v1/posts/getallposts\",\"status\":\"304\",\"responseTime\":\"649.323\"}","timestamp":"2024-09-30T06:22:05.951Z"}
{"level":"\u001b[32minfo\u001b[39m","message":"{\"method\":\"GET\",\"url\":\"/api/v1/posts/getallposts\",\"status\":\"200\",\"responseTime\":\"701.385\"}","timestamp":"2024-09-30T06:22:06.638Z"}
{"level":"\u001b[32minfo\u001b[39m","message":"{\"method\":\"GET\",\"url\":\"/api/v1/posts/getallposts\",\"status\":\"304\",\"responseTime\":\"684.922\"}","timestamp":"2024-09-30T06:22:07.330Z"}
{"level":"\u001b[32minfo\u001b[39m","message":"{\"method\":\"GET\",\"url\":\"/api/v1/users/isuserloggedin\",\"status\":\"304\",\"responseTime\":\"159.858\"}","timestamp":"2024-09-30T06:24:12.588Z"}
{"level":"\u001b[32minfo\u001b[39m","message":"{\"method\":\"GET\",\"url\":\"/api/v1/users/isuserloggedin\",\"status\":\"304\",\"responseTime\":\"168.255\"}","timestamp":"2024-09-30T06:24:12.759Z"}
{"level":"\u001b[32minfo\u001b[39m","message":"{\"method\":\"GET\",\"url\":\"/api/v1/posts/getallposts\",\"status\":\"304\",\"responseTime\":\"570.980\"}","timestamp":"2024-09-30T06:24:13.175Z"}
{"level":"\u001b[32minfo\u001b[39m","message":"{\"method\":\"GET\",\"url\":\"/api/v1/posts/getallposts\",\"status\":\"304\",\"responseTime\":\"607.139\"}","timestamp":"2024-09-30T06:24:13.787Z"}
{"level":"\u001b[32minfo\u001b[39m","message":"{\"method\":\"GET\",\"url\":\"/api/v1/posts/getallposts\",\"status\":\"304\",\"responseTime\":\"964.307\"}","timestamp":"2024-09-30T06:24:17.883Z"}
{"level":"\u001b[32minfo\u001b[39m","message":"{\"method\":\"GET\",\"url\":\"/api/v1/posts/getallposts\",\"status\":\"304\",\"responseTime\":\"603.660\"}","timestamp":"2024-09-30T06:24:18.493Z"}
{"level":"\u001b[32minfo\u001b[39m","message":"{\"method\":\"GET\",\"url\":\"/api/v1/posts/getallposts\",\"status\":\"304\",\"responseTime\":\"485.012\"}","timestamp":"2024-09-30T06:24:22.796Z"}
{"level":"\u001b[32minfo\u001b[39m","message":"{\"method\":\"GET\",\"url\":\"/api/v1/posts/getallposts\",\"status\":\"304\",\"responseTime\":\"613.450\"}","timestamp":"2024-09-30T06:24:23.412Z"}
{"level":"\u001b[32minfo\u001b[39m","message":"{\"method\":\"GET\",\"url\":\"/api/v1/users/isuserloggedin\",\"status\":\"304\",\"responseTime\":\"150.244\"}","timestamp":"2024-09-30T06:26:12.673Z"}
{"level":"\u001b[32minfo\u001b[39m","message":"{\"method\":\"GET\",\"url\":\"/api/v1/users/isuserloggedin\",\"status\":\"304\",\"responseTime\":\"201.398\"}","timestamp":"2024-09-30T06:26:12.877Z"}
{"level":"\u001b[32minfo\u001b[39m","message":"{\"method\":\"GET\",\"url\":\"/api/v1/posts/getallposts\",\"status\":\"304\",\"responseTime\":\"594.207\"}","timestamp":"2024-09-30T06:26:13.288Z"}
{"level":"\u001b[32minfo\u001b[39m","message":"{\"method\":\"GET\",\"url\":\"/api/v1/posts/getallposts\",\"status\":\"304\",\"responseTime\":\"609.128\"}","timestamp":"2024-09-30T06:26:13.902Z"}
{"level":"\u001b[32minfo\u001b[39m","message":"{\"method\":\"GET\",\"url\":\"/api/v1/posts/getallposts\",\"status\":\"304\",\"responseTime\":\"517.918\"}","timestamp":"2024-09-30T06:26:42.685Z"}
{"level":"\u001b[32minfo\u001b[39m","message":"{\"method\":\"GET\",\"url\":\"/api/v1/posts/getallposts\",\"status\":\"304\",\"responseTime\":\"517.252\"}","timestamp":"2024-09-30T06:26:42.690Z"}
{"level":"\u001b[32minfo\u001b[39m","message":"{\"method\":\"GET\",\"url\":\"/api/v1/users/isuserloggedin\",\"status\":\"304\",\"responseTime\":\"153.800\"}","timestamp":"2024-09-30T06:26:44.126Z"}
{"level":"\u001b[32minfo\u001b[39m","message":"{\"method\":\"GET\",\"url\":\"/api/v1/users/isuserloggedin\",\"status\":\"304\",\"responseTime\":\"156.170\"}","timestamp":"2024-09-30T06:26:44.287Z"}
{"level":"\u001b[32minfo\u001b[39m","message":"{\"method\":\"GET\",\"url\":\"/api/v1/posts/getallposts\",\"status\":\"304\",\"responseTime\":\"530.381\"}","timestamp":"2024-09-30T06:26:44.722Z"}
{"level":"\u001b[32minfo\u001b[39m","message":"{\"method\":\"GET\",\"url\":\"/api/v1/posts/getallposts\",\"status\":\"304\",\"responseTime\":\"564.484\"}","timestamp":"2024-09-30T06:26:45.289Z"}
{"level":"\u001b[32minfo\u001b[39m","message":"{\"method\":\"GET\",\"url\":\"/api/v1/users/isuserloggedin\",\"status\":\"304\",\"responseTime\":\"152.293\"}","timestamp":"2024-09-30T06:27:36.960Z"}
{"level":"\u001b[32minfo\u001b[39m","message":"{\"method\":\"GET\",\"url\":\"/api/v1/users/isuserloggedin\",\"status\":\"304\",\"responseTime\":\"189.531\"}","timestamp":"2024-09-30T06:27:37.153Z"}
{"level":"\u001b[32minfo\u001b[39m","message":"{\"method\":\"GET\",\"url\":\"/api/v1/posts/getallposts\",\"status\":\"304\",\"responseTime\":\"582.296\"}","timestamp":"2024-09-30T06:27:37.565Z"}
{"level":"\u001b[32minfo\u001b[39m","message":"{\"method\":\"GET\",\"url\":\"/api/v1/posts/getallposts\",\"status\":\"304\",\"responseTime\":\"610.038\"}","timestamp":"2024-09-30T06:27:38.180Z"}
{"level":"\u001b[32minfo\u001b[39m","message":"{\"method\":\"GET\",\"url\":\"/api/v1/users/isuserloggedin\",\"status\":\"304\",\"responseTime\":\"151.167\"}","timestamp":"2024-09-30T06:28:41.663Z"}
{"level":"\u001b[32minfo\u001b[39m","message":"{\"method\":\"GET\",\"url\":\"/api/v1/users/isuserloggedin\",\"status\":\"304\",\"responseTime\":\"204.815\"}","timestamp":"2024-09-30T06:28:41.871Z"}
{"level":"\u001b[32minfo\u001b[39m","message":"{\"method\":\"GET\",\"url\":\"/api/v1/posts/getallposts\",\"status\":\"304\",\"responseTime\":\"501.351\"}","timestamp":"2024-09-30T06:28:42.189Z"}
{"level":"\u001b[32minfo\u001b[39m","message":"{\"method\":\"GET\",\"url\":\"/api/v1/posts/getallposts\",\"status\":\"304\",\"responseTime\":\"552.586\"}","timestamp":"2024-09-30T06:28:42.746Z"}
{"level":"\u001b[32minfo\u001b[39m","message":"{\"method\":\"GET\",\"url\":\"/api/v1/users/isuserloggedin\",\"status\":\"304\",\"responseTime\":\"152.084\"}","timestamp":"2024-09-30T06:29:35.687Z"}
{"level":"\u001b[32minfo\u001b[39m","message":"{\"method\":\"GET\",\"url\":\"/api/v1/users/isuserloggedin\",\"status\":\"304\",\"responseTime\":\"249.215\"}","timestamp":"2024-09-30T06:29:35.939Z"}
{"level":"\u001b[32minfo\u001b[39m","message":"{\"method\":\"GET\",\"url\":\"/api/v1/posts/getallposts\",\"status\":\"304\",\"responseTime\":\"634.217\"}","timestamp":"2024-09-30T06:29:36.346Z"}
{"level":"\u001b[32minfo\u001b[39m","message":"{\"method\":\"GET\",\"url\":\"/api/v1/posts/getallposts\",\"status\":\"304\",\"responseTime\":\"608.767\"}","timestamp":"2024-09-30T06:29:36.959Z"}
{"level":"\u001b[32minfo\u001b[39m","message":"{\"method\":\"GET\",\"url\":\"/api/v1/users/isuserloggedin\",\"status\":\"304\",\"responseTime\":\"153.025\"}","timestamp":"2024-09-30T06:31:47.588Z"}
{"level":"\u001b[32minfo\u001b[39m","message":"{\"method\":\"GET\",\"url\":\"/api/v1/users/isuserloggedin\",\"status\":\"304\",\"responseTime\":\"236.536\"}","timestamp":"2024-09-30T06:31:47.827Z"}
{"level":"\u001b[32minfo\u001b[39m","message":"{\"method\":\"GET\",\"url\":\"/api/v1/posts/getallposts\",\"status\":\"304\",\"responseTime\":\"571.635\"}","timestamp":"2024-09-30T06:31:48.190Z"}
{"level":"\u001b[32minfo\u001b[39m","message":"{\"method\":\"GET\",\"url\":\"/api/v1/posts/getallposts\",\"status\":\"304\",\"responseTime\":\"655.986\"}","timestamp":"2024-09-30T06:31:48.850Z"}
{"level":"\u001b[32minfo\u001b[39m","message":"{\"method\":\"GET\",\"url\":\"/api/v1/posts/getallposts\",\"status\":\"304\",\"responseTime\":\"643.438\"}","timestamp":"2024-09-30T06:33:20.293Z"}
{"level":"\u001b[32minfo\u001b[39m","message":"{\"method\":\"GET\",\"url\":\"/api/v1/posts/getallposts\",\"status\":\"304\",\"responseTime\":\"480.601\"}","timestamp":"2024-09-30T06:33:20.777Z"}
{"level":"\u001b[32minfo\u001b[39m","message":"{\"method\":\"GET\",\"url\":\"/api/v1/users/isuserloggedin\",\"status\":\"304\",\"responseTime\":\"154.054\"}","timestamp":"2024-09-30T06:33:30.219Z"}
{"level":"\u001b[32minfo\u001b[39m","message":"{\"method\":\"GET\",\"url\":\"/api/v1/users/isuserloggedin\",\"status\":\"304\",\"responseTime\":\"209.755\"}","timestamp":"2024-09-30T06:33:30.431Z"}
{"level":"\u001b[32minfo\u001b[39m","message":"{\"method\":\"GET\",\"url\":\"/api/v1/posts/getallposts\",\"status\":\"304\",\"responseTime\":\"637.415\"}","timestamp":"2024-09-30T06:33:30.874Z"}
{"level":"\u001b[32minfo\u001b[39m","message":"{\"method\":\"GET\",\"url\":\"/api/v1/posts/getallposts\",\"status\":\"304\",\"responseTime\":\"578.002\"}","timestamp":"2024-09-30T06:33:31.456Z"}
{"level":"\u001b[32minfo\u001b[39m","message":"{\"method\":\"GET\",\"url\":\"/api/v1/posts/getallposts\",\"status\":\"304\",\"responseTime\":\"580.904\"}","timestamp":"2024-09-30T06:35:15.803Z"}
{"level":"\u001b[32minfo\u001b[39m","message":"{\"method\":\"GET\",\"url\":\"/api/v1/posts/getallposts\",\"status\":\"304\",\"responseTime\":\"508.743\"}","timestamp":"2024-09-30T06:35:16.314Z"}
{"level":"\u001b[32minfo\u001b[39m","message":"{\"method\":\"GET\",\"url\":\"/api/v1/posts/getallposts\",\"status\":\"304\",\"responseTime\":\"507.453\"}","timestamp":"2024-09-30T06:35:26.656Z"}
{"level":"\u001b[32minfo\u001b[39m","message":"{\"method\":\"GET\",\"url\":\"/api/v1/posts/getallposts\",\"status\":\"304\",\"responseTime\":\"451.321\"}","timestamp":"2024-09-30T06:35:27.109Z"}
{"level":"\u001b[32minfo\u001b[39m","message":"{\"method\":\"GET\",\"url\":\"/api/v1/posts/getallposts\",\"status\":\"304\",\"responseTime\":\"644.419\"}","timestamp":"2024-09-30T06:35:30.854Z"}
{"level":"\u001b[32minfo\u001b[39m","message":"{\"method\":\"GET\",\"url\":\"/api/v1/posts/getallposts\",\"status\":\"304\",\"responseTime\":\"561.300\"}","timestamp":"2024-09-30T06:35:31.418Z"}
{"level":"\u001b[32minfo\u001b[39m","message":"{\"method\":\"GET\",\"url\":\"/api/v1/users/isuserloggedin\",\"status\":\"304\",\"responseTime\":\"153.581\"}","timestamp":"2024-09-30T06:35:37.129Z"}
{"level":"\u001b[32minfo\u001b[39m","message":"{\"method\":\"GET\",\"url\":\"/api/v1/users/isuserloggedin\",\"status\":\"304\",\"responseTime\":\"177.096\"}","timestamp":"2024-09-30T06:35:37.308Z"}
{"level":"\u001b[32minfo\u001b[39m","message":"{\"method\":\"GET\",\"url\":\"/api/v1/posts/getallposts\",\"status\":\"304\",\"responseTime\":\"559.952\"}","timestamp":"2024-09-30T06:35:37.717Z"}
{"level":"\u001b[32minfo\u001b[39m","message":"{\"method\":\"GET\",\"url\":\"/api/v1/posts/getallposts\",\"status\":\"304\",\"responseTime\":\"523.533\"}","timestamp":"2024-09-30T06:35:38.243Z"}
{"level":"\u001b[32minfo\u001b[39m","message":"{\"method\":\"GET\",\"url\":\"/api/v1/posts/getallposts\",\"status\":\"304\",\"responseTime\":\"620.607\"}","timestamp":"2024-09-30T06:37:01.172Z"}
{"level":"\u001b[32minfo\u001b[39m","message":"{\"method\":\"GET\",\"url\":\"/api/v1/posts/getallposts\",\"status\":\"304\",\"responseTime\":\"507.514\"}","timestamp":"2024-09-30T06:37:01.683Z"}
{"level":"\u001b[32minfo\u001b[39m","message":"{\"method\":\"GET\",\"url\":\"/api/v1/posts/getallposts\",\"status\":\"401\",\"responseTime\":\"1.811\"}","timestamp":"2024-09-30T06:37:07.544Z"}
{"level":"\u001b[32minfo\u001b[39m","message":"{\"method\":\"GET\",\"url\":\"/api/v1/posts/getallposts\",\"status\":\"401\",\"responseTime\":\"1.539\"}","timestamp":"2024-09-30T06:37:07.548Z"}
{"level":"\u001b[32minfo\u001b[39m","message":"{\"method\":\"POST\",\"url\":\"/api/v1/users/refreshtokens\",\"status\":\"200\",\"responseTime\":\"390.140\"}","timestamp":"2024-09-30T06:37:07.942Z"}
{"level":"\u001b[32minfo\u001b[39m","message":"{\"method\":\"POST\",\"url\":\"/api/v1/users/refreshtokens\",\"status\":\"200\",\"responseTime\":\"404.025\"}","timestamp":"2024-09-30T06:37:07.959Z"}
{"level":"\u001b[32minfo\u001b[39m","message":"{\"method\":\"GET\",\"url\":\"/api/v1/posts/getallposts\",\"status\":\"304\",\"responseTime\":\"512.101\"}","timestamp":"2024-09-30T06:37:08.500Z"}
{"level":"\u001b[32minfo\u001b[39m","message":"{\"method\":\"GET\",\"url\":\"/api/v1/posts/getallposts\",\"status\":\"304\",\"responseTime\":\"658.719\"}","timestamp":"2024-09-30T06:37:09.162Z"}
{"level":"\u001b[32minfo\u001b[39m","message":"{\"method\":\"GET\",\"url\":\"/api/v1/users/isuserloggedin\",\"status\":\"200\",\"responseTime\":\"162.217\"}","timestamp":"2024-09-30T06:38:44.461Z"}
{"level":"\u001b[32minfo\u001b[39m","message":"{\"method\":\"GET\",\"url\":\"/api/v1/users/isuserloggedin\",\"status\":\"304\",\"responseTime\":\"234.113\"}","timestamp":"2024-09-30T06:38:44.698Z"}
{"level":"\u001b[32minfo\u001b[39m","message":"{\"method\":\"GET\",\"url\":\"/api/v1/posts/getallposts\",\"status\":\"304\",\"responseTime\":\"624.891\"}","timestamp":"2024-09-30T06:38:45.110Z"}
{"level":"\u001b[32minfo\u001b[39m","message":"{\"method\":\"GET\",\"url\":\"/api/v1/posts/getallposts\",\"status\":\"304\",\"responseTime\":\"612.953\"}","timestamp":"2024-09-30T06:38:45.729Z"}
{"level":"\u001b[32minfo\u001b[39m","message":"{\"method\":\"GET\",\"url\":\"/api/v1/users/isuserloggedin\",\"status\":\"401\",\"responseTime\":\"2.263\"}","timestamp":"2024-09-30T06:54:57.540Z"}
{"level":"\u001b[32minfo\u001b[39m","message":"{\"method\":\"GET\",\"url\":\"/api/v1/users/isuserloggedin\",\"status\":\"401\",\"responseTime\":\"2.310\"}","timestamp":"2024-09-30T06:54:57.546Z"}
{"level":"\u001b[32minfo\u001b[39m","message":"{\"method\":\"POST\",\"url\":\"/api/v1/users/refreshtokens\",\"status\":\"200\",\"responseTime\":\"341.965\"}","timestamp":"2024-09-30T06:54:57.912Z"}
{"level":"\u001b[32minfo\u001b[39m","message":"{\"method\":\"POST\",\"url\":\"/api/v1/users/refreshtokens\",\"status\":\"200\",\"responseTime\":\"337.032\"}","timestamp":"2024-09-30T06:54:57.919Z"}
{"level":"\u001b[32minfo\u001b[39m","message":"{\"method\":\"GET\",\"url\":\"/api/v1/users/isuserloggedin\",\"status\":\"200\",\"responseTime\":\"194.231\"}","timestamp":"2024-09-30T06:54:58.118Z"}
{"level":"\u001b[32minfo\u001b[39m","message":"{\"method\":\"GET\",\"url\":\"/api/v1/users/isuserloggedin\",\"status\":\"200\",\"responseTime\":\"196.254\"}","timestamp":"2024-09-30T06:54:58.320Z"}
{"level":"\u001b[32minfo\u001b[39m","message":"{\"method\":\"GET\",\"url\":\"/api/v1/posts/getallposts\",\"status\":\"304\",\"responseTime\":\"550.722\"}","timestamp":"2024-09-30T06:54:58.732Z"}
{"level":"\u001b[32minfo\u001b[39m","message":"{\"method\":\"GET\",\"url\":\"/api/v1/posts/getallposts\",\"status\":\"304\",\"responseTime\":\"609.298\"}","timestamp":"2024-09-30T06:54:59.346Z"}
{"level":"\u001b[32minfo\u001b[39m","message":"{\"method\":\"GET\",\"url\":\"/api/v1/users/isuserloggedin\",\"status\":\"401\",\"responseTime\":\"1.787\"}","timestamp":"2024-09-30T06:55:24.127Z"}
{"level":"\u001b[32minfo\u001b[39m","message":"{\"method\":\"GET\",\"url\":\"/api/v1/users/isuserloggedin\",\"status\":\"401\",\"responseTime\":\"1.885\"}","timestamp":"2024-09-30T06:55:24.132Z"}
{"level":"\u001b[32minfo\u001b[39m","message":"{\"method\":\"POST\",\"url\":\"/api/v1/users/refreshtokens\",\"status\":\"200\",\"responseTime\":\"328.585\"}","timestamp":"2024-09-30T06:55:24.465Z"}
{"level":"\u001b[32minfo\u001b[39m","message":"{\"method\":\"POST\",\"url\":\"/api/v1/users/refreshtokens\",\"status\":\"200\",\"responseTime\":\"339.687\"}","timestamp":"2024-09-30T06:55:24.481Z"}
{"level":"\u001b[32minfo\u001b[39m","message":"{\"method\":\"GET\",\"url\":\"/api/v1/users/isuserloggedin\",\"status\":\"200\",\"responseTime\":\"156.169\"}","timestamp":"2024-09-30T06:55:24.647Z"}
{"level":"\u001b[32minfo\u001b[39m","message":"{\"method\":\"GET\",\"url\":\"/api/v1/users/isuserloggedin\",\"status\":\"200\",\"responseTime\":\"151.747\"}","timestamp":"2024-09-30T06:55:24.801Z"}
{"level":"\u001b[32minfo\u001b[39m","message":"{\"method\":\"GET\",\"url\":\"/api/v1/posts/getallposts\",\"status\":\"304\",\"responseTime\":\"590.091\"}","timestamp":"2024-09-30T06:55:25.254Z"}
{"level":"\u001b[32minfo\u001b[39m","message":"{\"method\":\"GET\",\"url\":\"/api/v1/posts/getallposts\",\"status\":\"304\",\"responseTime\":\"611.288\"}","timestamp":"2024-09-30T06:55:25.870Z"}
{"level":"\u001b[32minfo\u001b[39m","message":"{\"method\":\"GET\",\"url\":\"/api/v1/posts/getallposts\",\"status\":\"304\",\"responseTime\":\"654.668\"}","timestamp":"2024-09-30T06:55:29.452Z"}
{"level":"\u001b[32minfo\u001b[39m","message":"{\"method\":\"GET\",\"url\":\"/api/v1/posts/getallposts\",\"status\":\"304\",\"responseTime\":\"610.148\"}","timestamp":"2024-09-30T06:55:30.068Z"}
{"level":"\u001b[32minfo\u001b[39m","message":"{\"method\":\"GET\",\"url\":\"/api/v1/posts/getallposts\",\"status\":\"304\",\"responseTime\":\"667.855\"}","timestamp":"2024-09-30T06:55:45.939Z"}
{"level":"\u001b[32minfo\u001b[39m","message":"{\"method\":\"GET\",\"url\":\"/api/v1/posts/getallposts\",\"status\":\"304\",\"responseTime\":\"609.312\"}","timestamp":"2024-09-30T06:55:46.553Z"}
{"level":"\u001b[32minfo\u001b[39m","message":"{\"method\":\"GET\",\"url\":\"/api/v1/posts/getallposts\",\"status\":\"304\",\"responseTime\":\"558.954\"}","timestamp":"2024-09-30T06:57:38.729Z"}
{"level":"\u001b[32minfo\u001b[39m","message":"{\"method\":\"GET\",\"url\":\"/api/v1/posts/getallposts\",\"status\":\"304\",\"responseTime\":\"576.682\"}","timestamp":"2024-09-30T06:57:38.741Z"}
{"level":"\u001b[32minfo\u001b[39m","message":"{\"method\":\"GET\",\"url\":\"/api/v1/posts/getallposts\",\"status\":\"304\",\"responseTime\":\"604.082\"}","timestamp":"2024-09-30T06:58:09.763Z"}
{"level":"\u001b[32minfo\u001b[39m","message":"{\"method\":\"GET\",\"url\":\"/api/v1/posts/getallposts\",\"status\":\"304\",\"responseTime\":\"617.614\"}","timestamp":"2024-09-30T06:58:09.772Z"}
{"level":"\u001b[32minfo\u001b[39m","message":"{\"method\":\"GET\",\"url\":\"/api/v1/posts/getallposts\",\"status\":\"304\",\"responseTime\":\"495.510\"}","timestamp":"2024-09-30T06:58:24.657Z"}
{"level":"\u001b[32minfo\u001b[39m","message":"{\"method\":\"GET\",\"url\":\"/api/v1/posts/getallposts\",\"status\":\"304\",\"responseTime\":\"502.968\"}","timestamp":"2024-09-30T06:58:24.660Z"}
{"level":"\u001b[32minfo\u001b[39m","message":"{\"method\":\"GET\",\"url\":\"/api/v1/posts/getallposts\",\"status\":\"304\",\"responseTime\":\"459.184\"}","timestamp":"2024-09-30T06:58:42.620Z"}
{"level":"\u001b[32minfo\u001b[39m","message":"{\"method\":\"GET\",\"url\":\"/api/v1/posts/getallposts\",\"status\":\"304\",\"responseTime\":\"481.809\"}","timestamp":"2024-09-30T06:58:42.639Z"}
{"level":"\u001b[32minfo\u001b[39m","message":"{\"method\":\"GET\",\"url\":\"/api/v1/posts/getallposts\",\"status\":\"304\",\"responseTime\":\"621.228\"}","timestamp":"2024-09-30T06:59:25.790Z"}
{"level":"\u001b[32minfo\u001b[39m","message":"{\"method\":\"GET\",\"url\":\"/api/v1/posts/getallposts\",\"status\":\"304\",\"responseTime\":\"632.360\"}","timestamp":"2024-09-30T06:59:25.796Z"}
{"level":"\u001b[32minfo\u001b[39m","message":"{\"method\":\"GET\",\"url\":\"/api/v1/posts/getallposts\",\"status\":\"304\",\"responseTime\":\"662.473\"}","timestamp":"2024-09-30T06:59:31.832Z"}
{"level":"\u001b[32minfo\u001b[39m","message":"{\"method\":\"GET\",\"url\":\"/api/v1/posts/getallposts\",\"status\":\"304\",\"responseTime\":\"668.257\"}","timestamp":"2024-09-30T06:59:31.835Z"}
{"level":"\u001b[32minfo\u001b[39m","message":"{\"method\":\"GET\",\"url\":\"/api/v1/users/isuserloggedin\",\"status\":\"304\",\"responseTime\":\"134.951\"}","timestamp":"2024-09-30T07:00:00.803Z"}
{"level":"\u001b[32minfo\u001b[39m","message":"{\"method\":\"GET\",\"url\":\"/api/v1/users/isuserloggedin\",\"status\":\"304\",\"responseTime\":\"190.144\"}","timestamp":"2024-09-30T07:00:00.995Z"}
{"level":"\u001b[32minfo\u001b[39m","message":"{\"method\":\"GET\",\"url\":\"/api/v1/posts/getallposts\",\"status\":\"304\",\"responseTime\":\"513.308\"}","timestamp":"2024-09-30T07:00:01.341Z"}
{"level":"\u001b[32minfo\u001b[39m","message":"{\"method\":\"GET\",\"url\":\"/api/v1/posts/getallposts\",\"status\":\"304\",\"responseTime\":\"598.298\"}","timestamp":"2024-09-30T07:00:01.943Z"}
{"level":"\u001b[32minfo\u001b[39m","message":"{\"method\":\"GET\",\"url\":\"/api/v1/users/isuserloggedin\",\"status\":\"304\",\"responseTime\":\"136.287\"}","timestamp":"2024-09-30T07:00:40.535Z"}
{"level":"\u001b[32minfo\u001b[39m","message":"{\"method\":\"GET\",\"url\":\"/api/v1/users/isuserloggedin\",\"status\":\"304\",\"responseTime\":\"131.302\"}","timestamp":"2024-09-30T07:00:40.668Z"}
{"level":"\u001b[32minfo\u001b[39m","message":"{\"method\":\"GET\",\"url\":\"/api/v1/posts/getallposts\",\"status\":\"304\",\"responseTime\":\"504.983\"}","timestamp":"2024-09-30T07:00:41.057Z"}
{"level":"\u001b[32minfo\u001b[39m","message":"{\"method\":\"GET\",\"url\":\"/api/v1/posts/getallposts\",\"status\":\"304\",\"responseTime\":\"508.315\"}","timestamp":"2024-09-30T07:00:41.571Z"}
{"level":"\u001b[32minfo\u001b[39m","message":"{\"method\":\"GET\",\"url\":\"/api/v1/posts/getallposts\",\"status\":\"304\",\"responseTime\":\"640.184\"}","timestamp":"2024-09-30T07:01:16.177Z"}
{"level":"\u001b[32minfo\u001b[39m","message":"{\"method\":\"GET\",\"url\":\"/api/v1/posts/getallposts\",\"status\":\"304\",\"responseTime\":\"617.296\"}","timestamp":"2024-09-30T07:01:16.797Z"}
{"level":"\u001b[32minfo\u001b[39m","message":"{\"method\":\"GET\",\"url\":\"/api/v1/posts/getallposts\",\"status\":\"304\",\"responseTime\":\"652.363\"}","timestamp":"2024-09-30T07:01:20.888Z"}
{"level":"\u001b[32minfo\u001b[39m","message":"{\"method\":\"GET\",\"url\":\"/api/v1/posts/getallposts\",\"status\":\"304\",\"responseTime\":\"406.850\"}","timestamp":"2024-09-30T07:01:21.298Z"}
{"level":"\u001b[32minfo\u001b[39m","message":"{\"method\":\"GET\",\"url\":\"/api/v1/posts/getallposts\",\"status\":\"304\",\"responseTime\":\"465.194\"}","timestamp":"2024-09-30T07:01:28.977Z"}
{"level":"\u001b[32minfo\u001b[39m","message":"{\"method\":\"GET\",\"url\":\"/api/v1/posts/getallposts\",\"status\":\"304\",\"responseTime\":\"409.074\"}","timestamp":"2024-09-30T07:01:29.389Z"}
{"level":"\u001b[32minfo\u001b[39m","message":"{\"method\":\"POST\",\"url\":\"/api/v1/posts/createpost\",\"status\":\"200\",\"responseTime\":\"417.915\"}","timestamp":"2024-09-30T07:02:06.868Z"}
{"level":"\u001b[32minfo\u001b[39m","message":"{\"method\":\"GET\",\"url\":\"/api/v1/users/isuserloggedin\",\"status\":\"304\",\"responseTime\":\"198.193\"}","timestamp":"2024-09-30T07:02:10.759Z"}
{"level":"\u001b[32minfo\u001b[39m","message":"{\"method\":\"GET\",\"url\":\"/api/v1/users/isuserloggedin\",\"status\":\"304\",\"responseTime\":\"139.663\"}","timestamp":"2024-09-30T07:02:10.904Z"}
{"level":"\u001b[32minfo\u001b[39m","message":"{\"method\":\"GET\",\"url\":\"/api/v1/posts/getallposts\",\"status\":\"200\",\"responseTime\":\"546.512\"}","timestamp":"2024-09-30T07:02:11.374Z"}
{"level":"\u001b[32minfo\u001b[39m","message":"{\"method\":\"GET\",\"url\":\"/api/v1/posts/getallposts\",\"status\":\"304\",\"responseTime\":\"558.567\"}","timestamp":"2024-09-30T07:02:11.940Z"}
{"level":"\u001b[32minfo\u001b[39m","message":"{\"method\":\"GET\",\"url\":\"/api/v1/users/isuserloggedin\",\"status\":\"304\",\"responseTime\":\"132.223\"}","timestamp":"2024-09-30T07:02:46.485Z"}
{"level":"\u001b[32minfo\u001b[39m","message":"{\"method\":\"GET\",\"url\":\"/api/v1/users/isuserloggedin\",\"status\":\"304\",\"responseTime\":\"213.517\"}","timestamp":"2024-09-30T07:02:46.701Z"}
{"level":"\u001b[32minfo\u001b[39m","message":"{\"method\":\"GET\",\"url\":\"/api/v1/posts/getallposts\",\"status\":\"200\",\"responseTime\":\"476.509\"}","timestamp":"2024-09-30T07:02:46.986Z"}
{"level":"\u001b[32minfo\u001b[39m","message":"{\"method\":\"GET\",\"url\":\"/api/v1/posts/getallposts\",\"status\":\"304\",\"responseTime\":\"530.317\"}","timestamp":"2024-09-30T07:02:47.521Z"}
{"level":"\u001b[32minfo\u001b[39m","message":"{\"method\":\"GET\",\"url\":\"/api/v1/posts/getallposts\",\"status\":\"304\",\"responseTime\":\"593.015\"}","timestamp":"2024-09-30T07:03:39.436Z"}
{"level":"\u001b[32minfo\u001b[39m","message":"{\"method\":\"GET\",\"url\":\"/api/v1/posts/getallposts\",\"status\":\"304\",\"responseTime\":\"611.848\"}","timestamp":"2024-09-30T07:03:40.050Z"}
{"level":"\u001b[32minfo\u001b[39m","message":"{\"method\":\"GET\",\"url\":\"/api/v1/users/isuserloggedin\",\"status\":\"304\",\"responseTime\":\"134.949\"}","timestamp":"2024-09-30T07:06:34.840Z"}
{"level":"\u001b[32minfo\u001b[39m","message":"{\"method\":\"GET\",\"url\":\"/api/v1/users/isuserloggedin\",\"status\":\"304\",\"responseTime\":\"134.076\"}","timestamp":"2024-09-30T07:06:34.915Z"}
{"level":"\u001b[32minfo\u001b[39m","message":"{\"method\":\"GET\",\"url\":\"/api/v1/users/isuserloggedin\",\"status\":\"304\",\"responseTime\":\"136.999\"}","timestamp":"2024-09-30T07:06:34.980Z"}
{"level":"\u001b[32minfo\u001b[39m","message":"{\"method\":\"GET\",\"url\":\"/api/v1/users/isuserloggedin\",\"status\":\"304\",\"responseTime\":\"135.652\"}","timestamp":"2024-09-30T07:06:35.054Z"}
{"level":"\u001b[32minfo\u001b[39m","message":"{\"method\":\"GET\",\"url\":\"/api/v1/posts/getallposts\",\"status\":\"304\",\"responseTime\":\"410.435\"}","timestamp":"2024-09-30T07:06:35.278Z"}
{"level":"\u001b[32minfo\u001b[39m","message":"{\"method\":\"GET\",\"url\":\"/api/v1/posts/getallposts\",\"status\":\"304\",\"responseTime\":\"412.044\"}","timestamp":"2024-09-30T07:06:35.362Z"}
{"level":"\u001b[32minfo\u001b[39m","message":"{\"method\":\"GET\",\"url\":\"/api/v1/posts/getallposts\",\"status\":\"304\",\"responseTime\":\"423.451\"}","timestamp":"2024-09-30T07:06:35.705Z"}
{"level":"\u001b[32minfo\u001b[39m","message":"{\"method\":\"GET\",\"url\":\"/api/v1/posts/getallposts\",\"status\":\"304\",\"responseTime\":\"407.668\"}","timestamp":"2024-09-30T07:06:35.772Z"}
